2022-05-17 15:56:25,472 [root]: No EtrsY specified for Code "BPNBF050000140001": "Ballyrisode, Cork"...
2022-05-17 15:56:25,473 [root]: No EtrsY specified for Code "BPNBF050000150001": "Galley Cove, Cork"...
2022-05-17 15:56:25,474 [root]: No EtrsY specified for Code "BPNBF050000170001": "Red Strand, Cork"...
2022-05-17 15:56:25,474 [root]: No EtrsY specified for Code "BPNBF050000200001": "Cadogans strand, Schull, Cork"...
2022-05-17 15:56:25,476 [root]: No EtrsY specified for Code "BPNBF050000210001": "Garnish, Cork"...
2022-05-17 15:56:25,476 [root]: No EtrsY specified for Code "BPNBF050000220001": "Inch, Cork"...
2022-05-17 15:56:25,477 [root]: No EtrsY specified for Code "BPNBF050000230001": "Ring, Cork"...
2022-05-17 15:56:25,478 [root]: No EtrsY specified for Code "BPNBF050000280001": "Dooneen Pier, Cork"...
2022-05-17 15:56:25,478 [root]: No EtrsY specified for Code "BPNBF050000300001": "Oysterhaven, Cork"...
2022-05-17 15:56:25,478 [root]: No EtrsY specified for Code "BPNBF050000320001": "Rocky Bay, Cork"...
2022-05-17 15:56:25,480 [root]: No EtrsY specified for Code "BPNBF050000330001": "Ardnahinch, Cork"...
2022-05-17 15:56:25,481 [root]: No EtrsY specified for Code "BPNBF070000050004": "Half Moon, Dublin"...
2022-05-17 15:56:25,482 [root]: No EtrsY specified for Code "BPNBF120000140001": "Dog's Bay, Roundstone, Galway"...
2022-05-17 15:56:25,483 [root]: No EtrsY specified for Code "BPNBF120000150001": "Dumhach, Galway"...
2022-05-17 15:56:25,487 [root]: No EtrsY specified for Code "BPNBF120000160001": "East End Inisbofin, Galway"...
2022-05-17 15:56:25,488 [root]: No EtrsY specified for Code "BPNBF120000180001": "An Trá Mór, Gorumna Island, Galway"...
2022-05-17 15:56:25,489 [root]: No EtrsY specified for Code "BPNBF120000190001": "Mannin Bay, Ballyconneely, Galway"...
2022-05-17 15:56:25,490 [root]: No EtrsY specified for Code "BPNBF120000210001": "Glassilaun, Killary, Galway"...
2022-05-17 15:56:25,490 [root]: No EtrsY specified for Code "BPNBF120000220001": "Renvyle, Galway"...
2022-05-17 15:56:25,491 [root]: No EtrsY specified for Code "BPNBF120000230001": "Omey Island Strand, Galway"...
2022-05-17 15:56:25,492 [root]: No EtrsY specified for Code "BPNBF120000240001": "Trá Poll na gCaorach Inis Oirr, Galway"...
2022-05-17 15:56:25,494 [root]: No EtrsY specified for Code "BPNBF130000160001": "Béal Bán, Kerry"...
2022-05-17 15:56:25,494 [root]: No EtrsY specified for Code "BPNBF130000170001": "Derrymore, Kerry"...
2022-05-17 15:56:25,495 [root]: No EtrsY specified for Code "BPNBF130000200001": "Waterville Town Beach, Kerry"...
2022-05-17 15:56:25,496 [root]: No EtrsY specified for Code "BPNBF230000020001": "Mornington, Meath"...
2022-05-17 15:56:25,496 [root]: No EtrsY specified for Code "BPNBF310000100001": "Annestown, Waterford"...
2022-05-17 15:56:25,497 [root]: No EtrsY specified for Code "BPNBF310000110001": "Ballyquin, Waterford"...
2022-05-17 15:56:25,498 [root]: No EtrsY specified for Code "BPNBF310000120001": "Ballyvooney, Waterford"...
2022-05-17 15:56:25,498 [root]: No EtrsY specified for Code "BPNBF310000130001": "Boatstrand, Waterford"...
2022-05-17 15:56:25,499 [root]: No EtrsY specified for Code "BPNBF310000140001": "Curragh, Waterford"...
2022-05-17 15:56:25,500 [root]: No EtrsY specified for Code "BPNBF310000150001": "Goat Island, Waterford"...
2022-05-17 15:56:25,500 [root]: No EtrsY specified for Code "BPNBF310000160001": "Guillamene, Waterford"...
2022-05-17 15:56:25,501 [root]: No EtrsY specified for Code "BPNBF310000170001": "Kilfarrassey, Waterford"...
2022-05-17 15:56:25,502 [root]: No EtrsY specified for Code "BPNBF310000180001": "Newtown Cove, Waterford"...
2022-05-17 15:56:25,502 [root]: No EtrsY specified for Code "BPNBF310000190001": "Whiting Bay, Waterford"...
2022-05-17 15:56:25,502 [root]: No EtrsY specified for Code "BPNBF310000200001": "Woodstown, Waterford"...
2022-05-17 15:56:25,504 [root]: No EtrsY specified for Code "BPNBF310000210001": "Stradbally, Waterford"...
2022-05-17 15:56:25,505 [root]: No EtrsY specified for Code "BPNBF330000130001": "Cullenstown, Wexford"...
2022-05-17 15:56:25,505 [root]: No EtrsY specified for Code "BPNBF330000140001": "Old Bawn, Wexford"...
2022-05-17 15:56:25,505 [root]: No EtrsY specified for Code "BPNBF330000150001": "Culletons Gap, Wexford"...
2022-05-17 15:56:25,506 [root]: No EtrsY specified for Code "BPNBF330000180001": "Cahore, Wexford"...
2022-05-17 15:56:25,507 [root]: No EtrsY specified for Code "BPNBF330000200001": "Ballyhealy, Wexford"...
2022-05-17 15:56:25,508 [root]: No EtrsY specified for Code "BPNBF330000210001": "Booley Bay, Wexford"...
2022-05-17 15:56:25,509 [root]: No EtrsY specified for Code "BPNBF330000220001": "Grange, Wexford"...
2022-05-17 15:56:25,510 [root]: No EtrsY specified for Code "BPNBF330000230001": "St Helens Bay, Wexford"...
2022-05-17 15:56:25,511 [root]: No EtrsY specified for Code "BPNBF330000250001": "Kilmore Quay Small Beach, Wexford"...
2022-05-17 15:56:25,512 [root]: No EtrsY specified for Code "BPNBF340000070001": "Arklow South Beach, Wicklow"...
2022-05-17 15:56:25,515 [root]: No EtrsY specified for Code "BPNBF050000400001": "Silver Strand, Sherkin Island, Cork"...
2022-05-17 15:56:25,516 [root]: No EtrsY specified for Code "BPNBF070000040003": "North Bull Wall, Dublin"...
2022-05-17 15:56:25,516 [root]: No EtrsY specified for Code "BPNBF070000060001": "Shelley Banks, Dublin"...
2022-05-17 15:56:25,517 [root]: No EtrsY specified for Code "BPNBF340000120001": "Kilcoole Beach, Wicklow"...
2022-05-17 15:56:25,518 [root]: No EtrsY specified for Code "BPNBF340000090001": "South of Bray Harbour, Wicklow"...
2022-05-17 15:56:25,519 [root]: No EtrsY specified for Code "BPNBF340000100001": "Wicklow Harbour bathing area, Wicklow"...
2022-05-17 15:56:25,520 [root]: No EtrsY specified for Code "BPNBF340000110001": "Murrough Beach, Wicklow"...
2022-05-17 15:56:25,520 [root]: No EtrsY specified for Code "BPNBF130000190001": "Littor beach, Kerry"...
2022-05-17 15:56:25,523 [root]: No EtrsY specified for Code "BPNBF120000260001": "Trá na Reilige, An Cheathrú Rua, Galway"...
2022-05-17 15:56:25,524 [root]: No EtrsY specified for Code "BPNBF130000210001": "Cromane, Kerry"...
2022-05-17 15:56:25,524 [root]: No EtrsY specified for Code "BPNBF130000220001": "Reenroe, Kerry"...
2022-05-17 15:56:25,525 [root]: No EtrsY specified for Code "BPNBF330000260001": "Baginbun, Wexford"...
2022-05-17 15:56:25,525 [root]: No EtrsY specified for Code "BPNBF340000130001": "The Cove Arklow, Wicklow"...
2022-05-17 15:56:25,526 [root]: No EtrsY specified for Code "BPNBF340000140001": "The Cove Greystones, Wicklow"...
2022-05-17 15:56:25,527 [root]: No EtrsY specified for Code "BPNBF010000020001": "River Barrow Bagenalstown, Carlow"...
2022-05-17 15:56:25,529 [root]: No EtrsY specified for Code "BPNBF220000170001": "Portacloy Beach, Mayo"...
2022-05-17 15:56:25,530 [root]: No EtrsY specified for Code "BPNBF220000190001": "Srah Beach, Mayo"...
2022-05-17 15:56:25,531 [root]: No EtrsY specified for Code "BPNBF220000200001": "Termon Beach, Mayo"...
2022-05-17 15:56:25,531 [root]: No EtrsY specified for Code "BPNBF220000260001": "Tránaun Beach, Inishturk, Mayo"...
2022-05-17 15:56:25,556 [root]: No EtrsY specified for Code "BPNBF220000350001": "Cross Beach, Belmullet, Mayo"...
2022-05-17 15:56:25,556 [root]: No EtrsY specified for Code "BPNBF070000020002": "Merrion Strand, Dublin"...
2022-05-17 15:56:25,557 [root]: No EtrsY specified for Code "BPNBF050000420001": "Ballynamona Strand, Cork"...
2022-05-17 15:56:25,558 [root]: No EtrsY specified for Code "BPNBF120000060002": "Clifden Beach, Galway"...
2022-05-17 15:56:25,559 [root]: No EtrsY specified for Code "BPNBF050000410001": "Oileán Chléire, Cork"...
